<?xml version="1.0" encoding="UTF-8"?>
<testsuite xmlns:xsi="http://www.w3.org/2001/XMLSchema-instance" xsi:noNamespaceSchemaLocation="https://maven.apache.org/surefire/maven-surefire-plugin/xsd/surefire-test-report.xsd" name="com.spring.product.ProductApplicationTests" time="6.177" tests="1" errors="0" skipped="0" failures="0">
  <properties>
    <property name="gopherProxySet" value="false"/>
    <property name="awt.toolkit" value="sun.lwawt.macosx.LWCToolkit"/>
    <property name="java.specification.version" value="11"/>
    <property name="sun.cpu.isalist" value=""/>
    <property name="sun.jnu.encoding" value="UTF-8"/>
    <property name="java.class.path" value="/Users/gourav/Documents/repo/spring-boot-mongo-crud/target/test-classes:/Users/gourav/Documents/repo/spring-boot-mongo-crud/target/classes:/Users/gourav/.m2/repository/org/springframework/boot/spring-boot-starter-data-mongodb/2.5.1/spring-boot-starter-data-mongodb-2.5.1.jar:/Users/gourav/.m2/repository/org/springframework/boot/spring-boot-starter/2.5.1/spring-boot-starter-2.5.1.jar:/Users/gourav/.m2/repository/org/springframework/boot/spring-boot/2.5.1/spring-boot-2.5.1.jar:/Users/gourav/.m2/repository/org/springframework/boot/spring-boot-autoconfigure/2.5.1/spring-boot-autoconfigure-2.5.1.jar:/Users/gourav/.m2/repository/org/springframework/boot/spring-boot-starter-logging/2.5.1/spring-boot-starter-logging-2.5.1.jar:/Users/gourav/.m2/repository/ch/qos/logback/logback-classic/1.2.3/logback-classic-1.2.3.jar:/Users/gourav/.m2/repository/ch/qos/logback/logback-core/1.2.3/logback-core-1.2.3.jar:/Users/gourav/.m2/repository/org/apache/logging/log4j/log4j-to-slf4j/2.14.1/log4j-to-slf4j-2.14.1.jar:/Users/gourav/.m2/repository/org/apache/logging/log4j/log4j-api/2.14.1/log4j-api-2.14.1.jar:/Users/gourav/.m2/repository/org/slf4j/jul-to-slf4j/1.7.30/jul-to-slf4j-1.7.30.jar:/Users/gourav/.m2/repository/jakarta/annotation/jakarta.annotation-api/1.3.5/jakarta.annotation-api-1.3.5.jar:/Users/gourav/.m2/repository/org/yaml/snakeyaml/1.28/snakeyaml-1.28.jar:/Users/gourav/.m2/repository/org/mongodb/mongodb-driver-sync/4.2.3/mongodb-driver-sync-4.2.3.jar:/Users/gourav/.m2/repository/org/mongodb/bson/4.2.3/bson-4.2.3.jar:/Users/gourav/.m2/repository/org/mongodb/mongodb-driver-core/4.2.3/mongodb-driver-core-4.2.3.jar:/Users/gourav/.m2/repository/org/springframework/data/spring-data-mongodb/3.2.1/spring-data-mongodb-3.2.1.jar:/Users/gourav/.m2/repository/org/springframework/spring-tx/5.3.8/spring-tx-5.3.8.jar:/Users/gourav/.m2/repository/org/springframework/spring-context/5.3.8/spring-context-5.3.8.jar:/Users/gourav/.m2/repository/org/springframework/spring-beans/5.3.8/spring-beans-5.3.8.jar:/Users/gourav/.m2/repository/org/springframework/spring-expression/5.3.8/spring-expression-5.3.8.jar:/Users/gourav/.m2/repository/org/springframework/data/spring-data-commons/2.5.1/spring-data-commons-2.5.1.jar:/Users/gourav/.m2/repository/org/springframework/boot/spring-boot-starter-web/2.5.1/spring-boot-starter-web-2.5.1.jar:/Users/gourav/.m2/repository/org/springframework/boot/spring-boot-starter-json/2.5.1/spring-boot-starter-json-2.5.1.jar:/Users/gourav/.m2/repository/com/fasterxml/jackson/datatype/jackson-datatype-jdk8/2.12.3/jackson-datatype-jdk8-2.12.3.jar:/Users/gourav/.m2/repository/com/fasterxml/jackson/module/jackson-module-parameter-names/2.12.3/jackson-module-parameter-names-2.12.3.jar:/Users/gourav/.m2/repository/org/springframework/boot/spring-boot-starter-tomcat/2.5.1/spring-boot-starter-tomcat-2.5.1.jar:/Users/gourav/.m2/repository/org/apache/tomcat/embed/tomcat-embed-core/9.0.46/tomcat-embed-core-9.0.46.jar:/Users/gourav/.m2/repository/org/apache/tomcat/embed/tomcat-embed-el/9.0.46/tomcat-embed-el-9.0.46.jar:/Users/gourav/.m2/repository/org/apache/tomcat/embed/tomcat-embed-websocket/9.0.46/tomcat-embed-websocket-9.0.46.jar:/Users/gourav/.m2/repository/org/springframework/spring-web/5.3.8/spring-web-5.3.8.jar:/Users/gourav/.m2/repository/org/springframework/spring-webmvc/5.3.8/spring-webmvc-5.3.8.jar:/Users/gourav/.m2/repository/org/springframework/spring-aop/5.3.8/spring-aop-5.3.8.jar:/Users/gourav/.m2/repository/org/projectlombok/lombok/1.18.20/lombok-1.18.20.jar:/Users/gourav/.m2/repository/org/springframework/boot/spring-boot-starter-test/2.5.1/spring-boot-starter-test-2.5.1.jar:/Users/gourav/.m2/repository/org/springframework/boot/spring-boot-test/2.5.1/spring-boot-test-2.5.1.jar:/Users/gourav/.m2/repository/org/springframework/boot/spring-boot-test-autoconfigure/2.5.1/spring-boot-test-autoconfigure-2.5.1.jar:/Users/gourav/.m2/repository/com/jayway/jsonpath/json-path/2.5.0/json-path-2.5.0.jar:/Users/gourav/.m2/repository/net/minidev/json-smart/2.4.7/json-smart-2.4.7.jar:/Users/gourav/.m2/repository/net/minidev/accessors-smart/2.4.7/accessors-smart-2.4.7.jar:/Users/gourav/.m2/repository/org/ow2/asm/asm/9.1/asm-9.1.jar:/Users/gourav/.m2/repository/jakarta/xml/bind/jakarta.xml.bind-api/2.3.3/jakarta.xml.bind-api-2.3.3.jar:/Users/gourav/.m2/repository/jakarta/activation/jakarta.activation-api/1.2.2/jakarta.activation-api-1.2.2.jar:/Users/gourav/.m2/repository/org/assertj/assertj-core/3.19.0/assertj-core-3.19.0.jar:/Users/gourav/.m2/repository/org/hamcrest/hamcrest/2.2/hamcrest-2.2.jar:/Users/gourav/.m2/repository/org/junit/jupiter/junit-jupiter/5.7.2/junit-jupiter-5.7.2.jar:/Users/gourav/.m2/repository/org/junit/jupiter/junit-jupiter-api/5.7.2/junit-jupiter-api-5.7.2.jar:/Users/gourav/.m2/repository/org/apiguardian/apiguardian-api/1.1.0/apiguardian-api-1.1.0.jar:/Users/gourav/.m2/repository/org/opentest4j/opentest4j/1.2.0/opentest4j-1.2.0.jar:/Users/gourav/.m2/repository/org/junit/platform/junit-platform-commons/1.7.2/junit-platform-commons-1.7.2.jar:/Users/gourav/.m2/repository/org/junit/jupiter/junit-jupiter-params/5.7.2/junit-jupiter-params-5.7.2.jar:/Users/gourav/.m2/repository/org/junit/jupiter/junit-jupiter-engine/5.7.2/junit-jupiter-engine-5.7.2.jar:/Users/gourav/.m2/repository/org/junit/platform/junit-platform-engine/1.7.2/junit-platform-engine-1.7.2.jar:/Users/gourav/.m2/repository/org/mockito/mockito-core/3.9.0/mockito-core-3.9.0.jar:/Users/gourav/.m2/repository/net/bytebuddy/byte-buddy/1.10.22/byte-buddy-1.10.22.jar:/Users/gourav/.m2/repository/net/bytebuddy/byte-buddy-agent/1.10.22/byte-buddy-agent-1.10.22.jar:/Users/gourav/.m2/repository/org/objenesis/objenesis/3.2/objenesis-3.2.jar:/Users/gourav/.m2/repository/org/mockito/mockito-junit-jupiter/3.9.0/mockito-junit-jupiter-3.9.0.jar:/Users/gourav/.m2/repository/org/skyscreamer/jsonassert/1.5.0/jsonassert-1.5.0.jar:/Users/gourav/.m2/repository/com/vaadin/external/google/android-json/0.0.20131108.vaadin1/android-json-0.0.20131108.vaadin1.jar:/Users/gourav/.m2/repository/org/springframework/spring-core/5.3.8/spring-core-5.3.8.jar:/Users/gourav/.m2/repository/org/springframework/spring-jcl/5.3.8/spring-jcl-5.3.8.jar:/Users/gourav/.m2/repository/org/springframework/spring-test/5.3.8/spring-test-5.3.8.jar:/Users/gourav/.m2/repository/org/xmlunit/xmlunit-core/2.8.2/xmlunit-core-2.8.2.jar:/Users/gourav/.m2/repository/org/openapitools/openapi-generator/4.2.3/openapi-generator-4.2.3.jar:/Users/gourav/.m2/repository/io/swagger/core/v3/swagger-core/2.1.1/swagger-core-2.1.1.jar:/Users/gourav/.m2/repository/javax/xml/bind/jaxb-api/2.3.1/jaxb-api-2.3.1.jar:/Users/gourav/.m2/repository/javax/activation/javax.activation-api/1.2.0/javax.activation-api-1.2.0.jar:/Users/gourav/.m2/repository/com/fasterxml/jackson/core/jackson-annotations/2.12.3/jackson-annotations-2.12.3.jar:/Users/gourav/.m2/repository/com/fasterxml/jackson/dataformat/jackson-dataformat-yaml/2.12.3/jackson-dataformat-yaml-2.12.3.jar:/Users/gourav/.m2/repository/io/swagger/core/v3/swagger-annotations/2.1.1/swagger-annotations-2.1.1.jar:/Users/gourav/.m2/repository/io/swagger/core/v3/swagger-models/2.1.1/swagger-models-2.1.1.jar:/Users/gourav/.m2/repository/javax/validation/validation-api/2.0.1.Final/validation-api-2.0.1.Final.jar:/Users/gourav/.m2/repository/io/swagger/parser/v3/swagger-parser/2.0.17/swagger-parser-2.0.17.jar:/Users/gourav/.m2/repository/io/swagger/parser/v3/swagger-parser-v2-converter/2.0.17/swagger-parser-v2-converter-2.0.17.jar:/Users/gourav/.m2/repository/io/swagger/swagger-parser/1.0.49/swagger-parser-1.0.49.jar:/Users/gourav/.m2/repository/io/swagger/swagger-core/1.6.0/swagger-core-1.6.0.jar:/Users/gourav/.m2/repository/io/swagger/swagger-compat-spec-parser/1.0.49/swagger-compat-spec-parser-1.0.49.jar:/Users/gourav/.m2/repository/com/github/java-json-tools/json-schema-validator/2.2.8/json-schema-validator-2.2.8.jar:/Users/gourav/.m2/repository/com/github/java-json-tools/json-schema-core/1.2.8/json-schema-core-1.2.8.jar:/Users/gourav/.m2/repository/org/mozilla/rhino/1.7R4/rhino-1.7R4.jar:/Users/gourav/.m2/repository/com/github/fge/uri-template/0.9/uri-template-0.9.jar:/Users/gourav/.m2/repository/javax/mail/mailapi/1.4.3/mailapi-1.4.3.jar:/Users/gourav/.m2/repository/javax/activation/activation/1.1/activation-1.1.jar:/Users/gourav/.m2/repository/com/googlecode/libphonenumber/libphonenumber/8.0.0/libphonenumber-8.0.0.jar:/Users/gourav/.m2/repository/net/sf/jopt-simple/jopt-simple/5.0.3/jopt-simple-5.0.3.jar:/Users/gourav/.m2/repository/com/github/fge/json-patch/1.6/json-patch-1.6.jar:/Users/gourav/.m2/repository/com/github/fge/jackson-coreutils/1.6/jackson-coreutils-1.6.jar:/Users/gourav/.m2/repository/com/github/fge/msg-simple/1.1/msg-simple-1.1.jar:/Users/gourav/.m2/repository/com/github/fge/btf/1.2/btf-1.2.jar:/Users/gourav/.m2/repository/org/apache/httpcomponents/httpclient/4.5.13/httpclient-4.5.13.jar:/Users/gourav/.m2/repository/org/apache/httpcomponents/httpcore/4.4.14/httpcore-4.4.14.jar:/Users/gourav/.m2/repository/commons-codec/commons-codec/1.15/commons-codec-1.15.jar:/Users/gourav/.m2/repository/io/swagger/parser/v3/swagger-parser-core/2.0.17/swagger-parser-core-2.0.17.jar:/Users/gourav/.m2/repository/io/swagger/parser/v3/swagger-parser-v3/2.0.17/swagger-parser-v3-2.0.17.jar:/Users/gourav/.m2/repository/com/samskivert/jmustache/1.15/jmustache-1.15.jar:/Users/gourav/.m2/repository/com/github/jknack/handlebars/4.1.2/handlebars-4.1.2.jar:/Users/gourav/.m2/repository/com/github/jknack/handlebars-jackson2/4.1.2/handlebars-jackson2-4.1.2.jar:/Users/gourav/.m2/repository/commons-io/commons-io/2.4/commons-io-2.4.jar:/Users/gourav/.m2/repository/org/slf4j/slf4j-ext/1.7.30/slf4j-ext-1.7.30.jar:/Users/gourav/.m2/repository/org/slf4j/slf4j-api/1.7.30/slf4j-api-1.7.30.jar:/Users/gourav/.m2/repository/org/slf4j/slf4j-simple/1.7.30/slf4j-simple-1.7.30.jar:/Users/gourav/.m2/repository/org/apache/commons/commons-lang3/3.12.0/commons-lang3-3.12.0.jar:/Users/gourav/.m2/repository/commons-cli/commons-cli/1.2/commons-cli-1.2.jar:/Users/gourav/.m2/repository/com/google/guava/guava/26.0-jre/guava-26.0-jre.jar:/Users/gourav/.m2/repository/com/google/code/findbugs/jsr305/3.0.2/jsr305-3.0.2.jar:/Users/gourav/.m2/repository/org/checkerframework/checker-qual/2.5.2/checker-qual-2.5.2.jar:/Users/gourav/.m2/repository/com/google/errorprone/error_prone_annotations/2.1.3/error_prone_annotations-2.1.3.jar:/Users/gourav/.m2/repository/com/google/j2objc/j2objc-annotations/1.1/j2objc-annotations-1.1.jar:/Users/gourav/.m2/repository/org/codehaus/mojo/animal-sniffer-annotations/1.14/animal-sniffer-annotations-1.14.jar:/Users/gourav/.m2/repository/com/fasterxml/jackson/datatype/jackson-datatype-guava/2.12.3/jackson-datatype-guava-2.12.3.jar:/Users/gourav/.m2/repository/com/fasterxml/jackson/core/jackson-core/2.12.3/jackson-core-2.12.3.jar:/Users/gourav/.m2/repository/com/atlassian/commonmark/commonmark/0.11.0/commonmark-0.11.0.jar:/Users/gourav/.m2/repository/com/github/mifmif/generex/1.0.2/generex-1.0.2.jar:/Users/gourav/.m2/repository/dk/brics/automaton/automaton/1.11-8/automaton-1.11-8.jar:/Users/gourav/.m2/repository/com/fasterxml/jackson/datatype/jackson-datatype-jsr310/2.12.3/jackson-datatype-jsr310-2.12.3.jar:/Users/gourav/.m2/repository/com/fasterxml/jackson/datatype/jackson-datatype-joda/2.12.3/jackson-datatype-joda-2.12.3.jar:/Users/gourav/.m2/repository/joda-time/joda-time/2.10.8/joda-time-2.10.8.jar:/Users/gourav/.m2/repository/com/github/joschi/jackson/jackson-datatype-threetenbp/2.10.0/jackson-datatype-threetenbp-2.10.0.jar:/Users/gourav/.m2/repository/org/threeten/threetenbp/1.4.0/threetenbp-1.4.0.jar:/Users/gourav/.m2/repository/org/openapitools/openapi-generator-core/4.2.3/openapi-generator-core-4.2.3.jar:/Users/gourav/.m2/repository/net/java/dev/jna/jna/5.5.0/jna-5.5.0.jar:/Users/gourav/.m2/repository/org/openapitools/jackson-databind-nullable/0.2.4/jackson-databind-nullable-0.2.4.jar:/Users/gourav/.m2/repository/com/fasterxml/jackson/core/jackson-databind/2.12.3/jackson-databind-2.12.3.jar:/Users/gourav/.m2/repository/io/springfox/springfox-swagger2/2.9.2/springfox-swagger2-2.9.2.jar:/Users/gourav/.m2/repository/io/swagger/swagger-annotations/1.5.20/swagger-annotations-1.5.20.jar:/Users/gourav/.m2/repository/io/swagger/swagger-models/1.5.20/swagger-models-1.5.20.jar:/Users/gourav/.m2/repository/io/springfox/springfox-spi/2.9.2/springfox-spi-2.9.2.jar:/Users/gourav/.m2/repository/io/springfox/springfox-core/2.9.2/springfox-core-2.9.2.jar:/Users/gourav/.m2/repository/io/springfox/springfox-schema/2.9.2/springfox-schema-2.9.2.jar:/Users/gourav/.m2/repository/io/springfox/springfox-swagger-common/2.9.2/springfox-swagger-common-2.9.2.jar:/Users/gourav/.m2/repository/io/springfox/springfox-spring-web/2.9.2/springfox-spring-web-2.9.2.jar:/Users/gourav/.m2/repository/com/fasterxml/classmate/1.5.1/classmate-1.5.1.jar:/Users/gourav/.m2/repository/org/springframework/plugin/spring-plugin-core/1.2.0.RELEASE/spring-plugin-core-1.2.0.RELEASE.jar:/Users/gourav/.m2/repository/org/springframework/plugin/spring-plugin-metadata/1.2.0.RELEASE/spring-plugin-metadata-1.2.0.RELEASE.jar:/Users/gourav/.m2/repository/org/mapstruct/mapstruct/1.2.0.Final/mapstruct-1.2.0.Final.jar:/Users/gourav/.m2/repository/io/springfox/springfox-swagger-ui/2.9.2/springfox-swagger-ui-2.9.2.jar:"/>
    <property name="java.vm.vendor" value="Amazon.com Inc."/>
    <property name="sun.arch.data.model" value="64"/>
    <property name="java.vendor.url" value="https://aws.amazon.com/corretto/"/>
    <property name="user.timezone" value=""/>
    <property name="java.vm.specification.version" value="11"/>
    <property name="os.name" value="Mac OS X"/>
    <property name="sun.java.launcher" value="SUN_STANDARD"/>
    <property name="user.country" value="IN"/>
    <property name="sun.boot.library.path" value="/Users/gourav/Library/Java/JavaVirtualMachines/corretto-11.0.19/Contents/Home/lib"/>
    <property name="sun.java.command" value="/Users/gourav/Documents/repo/spring-boot-mongo-crud/target/surefire/surefirebooter2475109223715386977.jar /Users/gourav/Documents/repo/spring-boot-mongo-crud/target/surefire 2023-06-03T23-35-53_477-jvmRun1 surefire9548278148625741465tmp surefire_017839121424328333012tmp"/>
    <property name="http.nonProxyHosts" value="local|*.local|169.254/16|*.169.254/16"/>
    <property name="jdk.debug" value="release"/>
    <property name="surefire.test.class.path" value="/Users/gourav/Documents/repo/spring-boot-mongo-crud/target/test-classes:/Users/gourav/Documents/repo/spring-boot-mongo-crud/target/classes:/Users/gourav/.m2/repository/org/springframework/boot/spring-boot-starter-data-mongodb/2.5.1/spring-boot-starter-data-mongodb-2.5.1.jar:/Users/gourav/.m2/repository/org/springframework/boot/spring-boot-starter/2.5.1/spring-boot-starter-2.5.1.jar:/Users/gourav/.m2/repository/org/springframework/boot/spring-boot/2.5.1/spring-boot-2.5.1.jar:/Users/gourav/.m2/repository/org/springframework/boot/spring-boot-autoconfigure/2.5.1/spring-boot-autoconfigure-2.5.1.jar:/Users/gourav/.m2/repository/org/springframework/boot/spring-boot-starter-logging/2.5.1/spring-boot-starter-logging-2.5.1.jar:/Users/gourav/.m2/repository/ch/qos/logback/logback-classic/1.2.3/logback-classic-1.2.3.jar:/Users/gourav/.m2/repository/ch/qos/logback/logback-core/1.2.3/logback-core-1.2.3.jar:/Users/gourav/.m2/repository/org/apache/logging/log4j/log4j-to-slf4j/2.14.1/log4j-to-slf4j-2.14.1.jar:/Users/gourav/.m2/repository/org/apache/logging/log4j/log4j-api/2.14.1/log4j-api-2.14.1.jar:/Users/gourav/.m2/repository/org/slf4j/jul-to-slf4j/1.7.30/jul-to-slf4j-1.7.30.jar:/Users/gourav/.m2/repository/jakarta/annotation/jakarta.annotation-api/1.3.5/jakarta.annotation-api-1.3.5.jar:/Users/gourav/.m2/repository/org/yaml/snakeyaml/1.28/snakeyaml-1.28.jar:/Users/gourav/.m2/repository/org/mongodb/mongodb-driver-sync/4.2.3/mongodb-driver-sync-4.2.3.jar:/Users/gourav/.m2/repository/org/mongodb/bson/4.2.3/bson-4.2.3.jar:/Users/gourav/.m2/repository/org/mongodb/mongodb-driver-core/4.2.3/mongodb-driver-core-4.2.3.jar:/Users/gourav/.m2/repository/org/springframework/data/spring-data-mongodb/3.2.1/spring-data-mongodb-3.2.1.jar:/Users/gourav/.m2/repository/org/springframework/spring-tx/5.3.8/spring-tx-5.3.8.jar:/Users/gourav/.m2/repository/org/springframework/spring-context/5.3.8/spring-context-5.3.8.jar:/Users/gourav/.m2/repository/org/springframework/spring-beans/5.3.8/spring-beans-5.3.8.jar:/Users/gourav/.m2/repository/org/springframework/spring-expression/5.3.8/spring-expression-5.3.8.jar:/Users/gourav/.m2/repository/org/springframework/data/spring-data-commons/2.5.1/spring-data-commons-2.5.1.jar:/Users/gourav/.m2/repository/org/springframework/boot/spring-boot-starter-web/2.5.1/spring-boot-starter-web-2.5.1.jar:/Users/gourav/.m2/repository/org/springframework/boot/spring-boot-starter-json/2.5.1/spring-boot-starter-json-2.5.1.jar:/Users/gourav/.m2/repository/com/fasterxml/jackson/datatype/jackson-datatype-jdk8/2.12.3/jackson-datatype-jdk8-2.12.3.jar:/Users/gourav/.m2/repository/com/fasterxml/jackson/module/jackson-module-parameter-names/2.12.3/jackson-module-parameter-names-2.12.3.jar:/Users/gourav/.m2/repository/org/springframework/boot/spring-boot-starter-tomcat/2.5.1/spring-boot-starter-tomcat-2.5.1.jar:/Users/gourav/.m2/repository/org/apache/tomcat/embed/tomcat-embed-core/9.0.46/tomcat-embed-core-9.0.46.jar:/Users/gourav/.m2/repository/org/apache/tomcat/embed/tomcat-embed-el/9.0.46/tomcat-embed-el-9.0.46.jar:/Users/gourav/.m2/repository/org/apache/tomcat/embed/tomcat-embed-websocket/9.0.46/tomcat-embed-websocket-9.0.46.jar:/Users/gourav/.m2/repository/org/springframework/spring-web/5.3.8/spring-web-5.3.8.jar:/Users/gourav/.m2/repository/org/springframework/spring-webmvc/5.3.8/spring-webmvc-5.3.8.jar:/Users/gourav/.m2/repository/org/springframework/spring-aop/5.3.8/spring-aop-5.3.8.jar:/Users/gourav/.m2/repository/org/projectlombok/lombok/1.18.20/lombok-1.18.20.jar:/Users/gourav/.m2/repository/org/springframework/boot/spring-boot-starter-test/2.5.1/spring-boot-starter-test-2.5.1.jar:/Users/gourav/.m2/repository/org/springframework/boot/spring-boot-test/2.5.1/spring-boot-test-2.5.1.jar:/Users/gourav/.m2/repository/org/springframework/boot/spring-boot-test-autoconfigure/2.5.1/spring-boot-test-autoconfigure-2.5.1.jar:/Users/gourav/.m2/repository/com/jayway/jsonpath/json-path/2.5.0/json-path-2.5.0.jar:/Users/gourav/.m2/repository/net/minidev/json-smart/2.4.7/json-smart-2.4.7.jar:/Users/gourav/.m2/repository/net/minidev/accessors-smart/2.4.7/accessors-smart-2.4.7.jar:/Users/gourav/.m2/repository/org/ow2/asm/asm/9.1/asm-9.1.jar:/Users/gourav/.m2/repository/jakarta/xml/bind/jakarta.xml.bind-api/2.3.3/jakarta.xml.bind-api-2.3.3.jar:/Users/gourav/.m2/repository/jakarta/activation/jakarta.activation-api/1.2.2/jakarta.activation-api-1.2.2.jar:/Users/gourav/.m2/repository/org/assertj/assertj-core/3.19.0/assertj-core-3.19.0.jar:/Users/gourav/.m2/repository/org/hamcrest/hamcrest/2.2/hamcrest-2.2.jar:/Users/gourav/.m2/repository/org/junit/jupiter/junit-jupiter/5.7.2/junit-jupiter-5.7.2.jar:/Users/gourav/.m2/repository/org/junit/jupiter/junit-jupiter-api/5.7.2/junit-jupiter-api-5.7.2.jar:/Users/gourav/.m2/repository/org/apiguardian/apiguardian-api/1.1.0/apiguardian-api-1.1.0.jar:/Users/gourav/.m2/repository/org/opentest4j/opentest4j/1.2.0/opentest4j-1.2.0.jar:/Users/gourav/.m2/repository/org/junit/platform/junit-platform-commons/1.7.2/junit-platform-commons-1.7.2.jar:/Users/gourav/.m2/repository/org/junit/jupiter/junit-jupiter-params/5.7.2/junit-jupiter-params-5.7.2.jar:/Users/gourav/.m2/repository/org/junit/jupiter/junit-jupiter-engine/5.7.2/junit-jupiter-engine-5.7.2.jar:/Users/gourav/.m2/repository/org/junit/platform/junit-platform-engine/1.7.2/junit-platform-engine-1.7.2.jar:/Users/gourav/.m2/repository/org/mockito/mockito-core/3.9.0/mockito-core-3.9.0.jar:/Users/gourav/.m2/repository/net/bytebuddy/byte-buddy/1.10.22/byte-buddy-1.10.22.jar:/Users/gourav/.m2/repository/net/bytebuddy/byte-buddy-agent/1.10.22/byte-buddy-agent-1.10.22.jar:/Users/gourav/.m2/repository/org/objenesis/objenesis/3.2/objenesis-3.2.jar:/Users/gourav/.m2/repository/org/mockito/mockito-junit-jupiter/3.9.0/mockito-junit-jupiter-3.9.0.jar:/Users/gourav/.m2/repository/org/skyscreamer/jsonassert/1.5.0/jsonassert-1.5.0.jar:/Users/gourav/.m2/repository/com/vaadin/external/google/android-json/0.0.20131108.vaadin1/android-json-0.0.20131108.vaadin1.jar:/Users/gourav/.m2/repository/org/springframework/spring-core/5.3.8/spring-core-5.3.8.jar:/Users/gourav/.m2/repository/org/springframework/spring-jcl/5.3.8/spring-jcl-5.3.8.jar:/Users/gourav/.m2/repository/org/springframework/spring-test/5.3.8/spring-test-5.3.8.jar:/Users/gourav/.m2/repository/org/xmlunit/xmlunit-core/2.8.2/xmlunit-core-2.8.2.jar:/Users/gourav/.m2/repository/org/openapitools/openapi-generator/4.2.3/openapi-generator-4.2.3.jar:/Users/gourav/.m2/repository/io/swagger/core/v3/swagger-core/2.1.1/swagger-core-2.1.1.jar:/Users/gourav/.m2/repository/javax/xml/bind/jaxb-api/2.3.1/jaxb-api-2.3.1.jar:/Users/gourav/.m2/repository/javax/activation/javax.activation-api/1.2.0/javax.activation-api-1.2.0.jar:/Users/gourav/.m2/repository/com/fasterxml/jackson/core/jackson-annotations/2.12.3/jackson-annotations-2.12.3.jar:/Users/gourav/.m2/repository/com/fasterxml/jackson/dataformat/jackson-dataformat-yaml/2.12.3/jackson-dataformat-yaml-2.12.3.jar:/Users/gourav/.m2/repository/io/swagger/core/v3/swagger-annotations/2.1.1/swagger-annotations-2.1.1.jar:/Users/gourav/.m2/repository/io/swagger/core/v3/swagger-models/2.1.1/swagger-models-2.1.1.jar:/Users/gourav/.m2/repository/javax/validation/validation-api/2.0.1.Final/validation-api-2.0.1.Final.jar:/Users/gourav/.m2/repository/io/swagger/parser/v3/swagger-parser/2.0.17/swagger-parser-2.0.17.jar:/Users/gourav/.m2/repository/io/swagger/parser/v3/swagger-parser-v2-converter/2.0.17/swagger-parser-v2-converter-2.0.17.jar:/Users/gourav/.m2/repository/io/swagger/swagger-parser/1.0.49/swagger-parser-1.0.49.jar:/Users/gourav/.m2/repository/io/swagger/swagger-core/1.6.0/swagger-core-1.6.0.jar:/Users/gourav/.m2/repository/io/swagger/swagger-compat-spec-parser/1.0.49/swagger-compat-spec-parser-1.0.49.jar:/Users/gourav/.m2/repository/com/github/java-json-tools/json-schema-validator/2.2.8/json-schema-validator-2.2.8.jar:/Users/gourav/.m2/repository/com/github/java-json-tools/json-schema-core/1.2.8/json-schema-core-1.2.8.jar:/Users/gourav/.m2/repository/org/mozilla/rhino/1.7R4/rhino-1.7R4.jar:/Users/gourav/.m2/repository/com/github/fge/uri-template/0.9/uri-template-0.9.jar:/Users/gourav/.m2/repository/javax/mail/mailapi/1.4.3/mailapi-1.4.3.jar:/Users/gourav/.m2/repository/javax/activation/activation/1.1/activation-1.1.jar:/Users/gourav/.m2/repository/com/googlecode/libphonenumber/libphonenumber/8.0.0/libphonenumber-8.0.0.jar:/Users/gourav/.m2/repository/net/sf/jopt-simple/jopt-simple/5.0.3/jopt-simple-5.0.3.jar:/Users/gourav/.m2/repository/com/github/fge/json-patch/1.6/json-patch-1.6.jar:/Users/gourav/.m2/repository/com/github/fge/jackson-coreutils/1.6/jackson-coreutils-1.6.jar:/Users/gourav/.m2/repository/com/github/fge/msg-simple/1.1/msg-simple-1.1.jar:/Users/gourav/.m2/repository/com/github/fge/btf/1.2/btf-1.2.jar:/Users/gourav/.m2/repository/org/apache/httpcomponents/httpclient/4.5.13/httpclient-4.5.13.jar:/Users/gourav/.m2/repository/org/apache/httpcomponents/httpcore/4.4.14/httpcore-4.4.14.jar:/Users/gourav/.m2/repository/commons-codec/commons-codec/1.15/commons-codec-1.15.jar:/Users/gourav/.m2/repository/io/swagger/parser/v3/swagger-parser-core/2.0.17/swagger-parser-core-2.0.17.jar:/Users/gourav/.m2/repository/io/swagger/parser/v3/swagger-parser-v3/2.0.17/swagger-parser-v3-2.0.17.jar:/Users/gourav/.m2/repository/com/samskivert/jmustache/1.15/jmustache-1.15.jar:/Users/gourav/.m2/repository/com/github/jknack/handlebars/4.1.2/handlebars-4.1.2.jar:/Users/gourav/.m2/repository/com/github/jknack/handlebars-jackson2/4.1.2/handlebars-jackson2-4.1.2.jar:/Users/gourav/.m2/repository/commons-io/commons-io/2.4/commons-io-2.4.jar:/Users/gourav/.m2/repository/org/slf4j/slf4j-ext/1.7.30/slf4j-ext-1.7.30.jar:/Users/gourav/.m2/repository/org/slf4j/slf4j-api/1.7.30/slf4j-api-1.7.30.jar:/Users/gourav/.m2/repository/org/slf4j/slf4j-simple/1.7.30/slf4j-simple-1.7.30.jar:/Users/gourav/.m2/repository/org/apache/commons/commons-lang3/3.12.0/commons-lang3-3.12.0.jar:/Users/gourav/.m2/repository/commons-cli/commons-cli/1.2/commons-cli-1.2.jar:/Users/gourav/.m2/repository/com/google/guava/guava/26.0-jre/guava-26.0-jre.jar:/Users/gourav/.m2/repository/com/google/code/findbugs/jsr305/3.0.2/jsr305-3.0.2.jar:/Users/gourav/.m2/repository/org/checkerframework/checker-qual/2.5.2/checker-qual-2.5.2.jar:/Users/gourav/.m2/repository/com/google/errorprone/error_prone_annotations/2.1.3/error_prone_annotations-2.1.3.jar:/Users/gourav/.m2/repository/com/google/j2objc/j2objc-annotations/1.1/j2objc-annotations-1.1.jar:/Users/gourav/.m2/repository/org/codehaus/mojo/animal-sniffer-annotations/1.14/animal-sniffer-annotations-1.14.jar:/Users/gourav/.m2/repository/com/fasterxml/jackson/datatype/jackson-datatype-guava/2.12.3/jackson-datatype-guava-2.12.3.jar:/Users/gourav/.m2/repository/com/fasterxml/jackson/core/jackson-core/2.12.3/jackson-core-2.12.3.jar:/Users/gourav/.m2/repository/com/atlassian/commonmark/commonmark/0.11.0/commonmark-0.11.0.jar:/Users/gourav/.m2/repository/com/github/mifmif/generex/1.0.2/generex-1.0.2.jar:/Users/gourav/.m2/repository/dk/brics/automaton/automaton/1.11-8/automaton-1.11-8.jar:/Users/gourav/.m2/repository/com/fasterxml/jackson/datatype/jackson-datatype-jsr310/2.12.3/jackson-datatype-jsr310-2.12.3.jar:/Users/gourav/.m2/repository/com/fasterxml/jackson/datatype/jackson-datatype-joda/2.12.3/jackson-datatype-joda-2.12.3.jar:/Users/gourav/.m2/repository/joda-time/joda-time/2.10.8/joda-time-2.10.8.jar:/Users/gourav/.m2/repository/com/github/joschi/jackson/jackson-datatype-threetenbp/2.10.0/jackson-datatype-threetenbp-2.10.0.jar:/Users/gourav/.m2/repository/org/threeten/threetenbp/1.4.0/threetenbp-1.4.0.jar:/Users/gourav/.m2/repository/org/openapitools/openapi-generator-core/4.2.3/openapi-generator-core-4.2.3.jar:/Users/gourav/.m2/repository/net/java/dev/jna/jna/5.5.0/jna-5.5.0.jar:/Users/gourav/.m2/repository/org/openapitools/jackson-databind-nullable/0.2.4/jackson-databind-nullable-0.2.4.jar:/Users/gourav/.m2/repository/com/fasterxml/jackson/core/jackson-databind/2.12.3/jackson-databind-2.12.3.jar:/Users/gourav/.m2/repository/io/springfox/springfox-swagger2/2.9.2/springfox-swagger2-2.9.2.jar:/Users/gourav/.m2/repository/io/swagger/swagger-annotations/1.5.20/swagger-annotations-1.5.20.jar:/Users/gourav/.m2/repository/io/swagger/swagger-models/1.5.20/swagger-models-1.5.20.jar:/Users/gourav/.m2/repository/io/springfox/springfox-spi/2.9.2/springfox-spi-2.9.2.jar:/Users/gourav/.m2/repository/io/springfox/springfox-core/2.9.2/springfox-core-2.9.2.jar:/Users/gourav/.m2/repository/io/springfox/springfox-schema/2.9.2/springfox-schema-2.9.2.jar:/Users/gourav/.m2/repository/io/springfox/springfox-swagger-common/2.9.2/springfox-swagger-common-2.9.2.jar:/Users/gourav/.m2/repository/io/springfox/springfox-spring-web/2.9.2/springfox-spring-web-2.9.2.jar:/Users/gourav/.m2/repository/com/fasterxml/classmate/1.5.1/classmate-1.5.1.jar:/Users/gourav/.m2/repository/org/springframework/plugin/spring-plugin-core/1.2.0.RELEASE/spring-plugin-core-1.2.0.RELEASE.jar:/Users/gourav/.m2/repository/org/springframework/plugin/spring-plugin-metadata/1.2.0.RELEASE/spring-plugin-metadata-1.2.0.RELEASE.jar:/Users/gourav/.m2/repository/org/mapstruct/mapstruct/1.2.0.Final/mapstruct-1.2.0.Final.jar:/Users/gourav/.m2/repository/io/springfox/springfox-swagger-ui/2.9.2/springfox-swagger-ui-2.9.2.jar:"/>
    <property name="sun.cpu.endian" value="little"/>
    <property name="user.home" value="/Users/gourav"/>
    <property name="user.language" value="en"/>
    <property name="java.specification.vendor" value="Oracle Corporation"/>
    <property name="java.version.date" value="2023-04-18"/>
    <property name="java.home" value="/Users/gourav/Library/Java/JavaVirtualMachines/corretto-11.0.19/Contents/Home"/>
    <property name="file.separator" value="/"/>
    <property name="basedir" value="/Users/gourav/Documents/repo/spring-boot-mongo-crud"/>
    <property name="java.vm.compressedOopsMode" value="Zero based"/>
    <property name="line.separator" value="&#10;"/>
    <property name="java.specification.name" value="Java Platform API Specification"/>
    <property name="java.vm.specification.vendor" value="Oracle Corporation"/>
    <property name="java.awt.graphicsenv" value="sun.awt.CGraphicsEnvironment"/>
    <property name="surefire.real.class.path" value="/Users/gourav/Documents/repo/spring-boot-mongo-crud/target/surefire/surefirebooter2475109223715386977.jar"/>
    <property name="sun.management.compiler" value="HotSpot 64-Bit Tiered Compilers"/>
    <property name="ftp.nonProxyHosts" value="local|*.local|169.254/16|*.169.254/16"/>
    <property name="java.runtime.version" value="11.0.19+7-LTS"/>
    <property name="user.name" value="gourav"/>
    <property name="path.separator" value=":"/>
    <property name="os.version" value="13.3.1"/>
    <property name="java.runtime.name" value="OpenJDK Runtime Environment"/>
    <property name="file.encoding" value="UTF-8"/>
    <property name="java.vm.name" value="OpenJDK 64-Bit Server VM"/>
    <property name="java.vendor.version" value="Corretto-11.0.19.7.1"/>
    <property name="localRepository" value="/Users/gourav/.m2/repository"/>
    <property name="java.vendor.url.bug" value="https://github.com/corretto/corretto-11/issues/"/>
    <property name="java.io.tmpdir" value="/var/folders/d4/bp_29rys2c32w5kv3fvhcdgh0000gn/T/"/>
    <property name="java.version" value="11.0.19"/>
    <property name="user.dir" value="/Users/gourav/Documents/repo/spring-boot-mongo-crud"/>
    <property name="os.arch" value="aarch64"/>
    <property name="java.vm.specification.name" value="Java Virtual Machine Specification"/>
    <property name="java.awt.printerjob" value="sun.lwawt.macosx.CPrinterJob"/>
    <property name="sun.os.patch.level" value="unknown"/>
    <property name="java.library.path" value="/Users/gourav/Library/Java/Extensions:/Library/Java/Extensions:/Network/Library/Java/Extensions:/System/Library/Java/Extensions:/usr/lib/java:."/>
    <property name="java.vm.info" value="mixed mode"/>
    <property name="java.vendor" value="Amazon.com Inc."/>
    <property name="java.vm.version" value="11.0.19+7-LTS"/>
    <property name="sun.io.unicode.encoding" value="UnicodeBig"/>
    <property name="java.class.version" value="55.0"/>
    <property name="socksNonProxyHosts" value="local|*.local|169.254/16|*.169.254/16"/>
  </properties>
  <testcase name="contextLoads" classname="com.spring.product.ProductApplicationTests" time="0.127"/>
</testsuite>